WDM - INFO - 

WDM - INFO - ====== WebDriver manager ======
WDM - INFO - Current google-chrome version is 98.0.4758
WDM - INFO - Get LATEST chromedriver version for 98.0.4758 google-chrome
WDM - INFO - Driver [C:\Users\Compuester\.wdm\drivers\chromedriver\win32\98.0.4758.102\chromedriver.exe] found in cache
root - INFO - process started-------------------------------------------------------------
root - INFO - the scraped prices are {'Model_S': '121990', 'Model_S_Plaid': '169990', 'scraped_at': '2022-02-26 11:49:03.180966'}
root - INFO - checking data in the historical prices file.... Loading file
root - INFO - prices haven't changed
root - INFO - program completed-------------------------------------------------------
WDM - INFO - 

WDM - INFO - ====== WebDriver manager ======
WDM - INFO - Current google-chrome version is 98.0.4758
WDM - INFO - Get LATEST chromedriver version for 98.0.4758 google-chrome
WDM - INFO - Trying to download new driver from https://chromedriver.storage.googleapis.com/98.0.4758.102/chromedriver_win32.zip
WDM - INFO - Driver has been saved in cache [C:\Users\Compuester\.wdm\drivers\chromedriver\win32\98.0.4758.102]
WDM - INFO - 

WDM - INFO - ====== WebDriver manager ======
WDM - INFO - Current google-chrome version is 98.0.4758
WDM - INFO - Get LATEST chromedriver version for 98.0.4758 google-chrome
WDM - INFO - Driver [C:\Users\Compuester\.wdm\drivers\chromedriver\win32\98.0.4758.102\chromedriver.exe] found in cache
root - INFO - process started-------------------------------------------------------------
root - INFO - the scraped prices are {'Model_S': '121990', 'Model_S_Plaid': '169990', 'scraped_at': '2022-03-01 15:45:35.981935'}
root - INFO - checking data in the historical prices file.... Loading file
root - INFO - prices haven't changed
root - INFO - program completed-------------------------------------------------------
